<?xml version="1.0" encoding="UTF-8"?>
<testsuite xmlns:xsi="http://www.w3.org/2001/XMLSchema-instance" xsi:noNamespaceSchemaLocation="https://maven.apache.org/surefire/maven-surefire-plugin/xsd/surefire-test-report.xsd" name="com.ssm.mall.service.impl.BrandServiceImplTest" time="0.046" tests="1" errors="0" skipped="0" failures="0">
  <properties>
    <property name="sun.desktop" value="windows"/>
    <property name="awt.toolkit" value="sun.awt.windows.WToolkit"/>
    <property name="file.encoding.pkg" value="sun.io"/>
    <property name="java.specification.version" value="1.8"/>
    <property name="sun.cpu.isalist" value="amd64"/>
    <property name="sun.jnu.encoding" value="GBK"/>
    <property name="java.class.path" value="E:\Mall\SSM_Mall\target\test-classes;E:\Mall\SSM_Mall\target\classes;E:\repository\junit\junit\4.9\junit-4.9.jar;E:\repository\org\hamcrest\hamcrest-core\1.1\hamcrest-core-1.1.jar;E:\repository\org\mybatis\mybatis\3.1.1\mybatis-3.1.1.jar;E:\repository\org\mybatis\mybatis-spring\1.2.3\mybatis-spring-1.2.3.jar;E:\repository\mysql\mysql-connector-java\5.1.6\mysql-connector-java-5.1.6.jar;E:\repository\com\alibaba\druid\1.0.18\druid-1.0.18.jar;D:\JAVA\JDK\jre\..\lib\jconsole.jar;D:\JAVA\JDK\jre\..\lib\tools.jar;E:\repository\com\fasterxml\jackson\core\jackson-core\2.7.3\jackson-core-2.7.3.jar;E:\repository\com\fasterxml\jackson\core\jackson-databind\2.7.3\jackson-databind-2.7.3.jar;E:\repository\com\fasterxml\jackson\core\jackson-annotations\2.7.3\jackson-annotations-2.7.3.jar;E:\repository\org\springframework\spring-context\4.1.3.RELEASE\spring-context-4.1.3.RELEASE.jar;E:\repository\org\springframework\spring-aop\4.1.3.RELEASE\spring-aop-4.1.3.RELEASE.jar;E:\repository\org\springframework\spring-core\4.1.3.RELEASE\spring-core-4.1.3.RELEASE.jar;E:\repository\org\springframework\spring-expression\4.1.3.RELEASE\spring-expression-4.1.3.RELEASE.jar;E:\repository\org\springframework\spring-test\4.2.4.RELEASE\spring-test-4.2.4.RELEASE.jar;E:\repository\org\springframework\spring-beans\4.1.3.RELEASE\spring-beans-4.1.3.RELEASE.jar;E:\repository\org\springframework\spring-webmvc\4.1.3.RELEASE\spring-webmvc-4.1.3.RELEASE.jar;E:\repository\org\springframework\spring-web\4.1.3.RELEASE\spring-web-4.1.3.RELEASE.jar;E:\repository\org\springframework\spring-jdbc\4.1.3.RELEASE\spring-jdbc-4.1.3.RELEASE.jar;E:\repository\org\springframework\spring-tx\4.1.3.RELEASE\spring-tx-4.1.3.RELEASE.jar;E:\repository\org\springframework\spring-aspects\4.1.3.RELEASE\spring-aspects-4.1.3.RELEASE.jar;E:\repository\org\aspectj\aspectjweaver\1.8.4\aspectjweaver-1.8.4.jar;E:\repository\jstl\jstl\1.2\jstl-1.2.jar;E:\repository\javax\servlet\javax.servlet-api\3.1.0\javax.servlet-api-3.1.0.jar;E:\repository\com\github\pagehelper\pagehelper\5.1.2-beta\pagehelper-5.1.2-beta.jar;E:\repository\com\github\jsqlparser\jsqlparser\1.0\jsqlparser-1.0.jar;E:\repository\org\slf4j\slf4j-log4j12\1.8.0-alpha2\slf4j-log4j12-1.8.0-alpha2.jar;E:\repository\org\slf4j\slf4j-api\1.8.0-alpha2\slf4j-api-1.8.0-alpha2.jar;E:\repository\log4j\log4j\1.2.16\log4j-1.2.16.jar;E:\repository\commons-logging\commons-logging\1.2\commons-logging-1.2.jar;E:\repository\commons-fileupload\commons-fileupload\1.3.1\commons-fileupload-1.3.1.jar;E:\repository\commons-io\commons-io\1.3.2\commons-io-1.3.2.jar;E:\repository\commons-lang\commons-lang\2.6\commons-lang-2.6.jar;E:\repository\aopalliance\aopalliance\1.0\aopalliance-1.0.jar;E:\repository\org\mybatis\generator\mybatis-generator-core\1.3.5\mybatis-generator-core-1.3.5.jar;E:\repository\commons-codec\commons-codec\1.9\commons-codec-1.9.jar;E:\repository\org\json\json\20171018\json-20171018.jar;E:\repository\com\alipay\sdk\alipay-sdk-java\3.1.0\alipay-sdk-java-3.1.0.jar;E:\repository\com\thetransactioncompany\cors-filter\2.5\cors-filter-2.5.jar;E:\repository\com\thetransactioncompany\java-property-utils\1.9.1\java-property-utils-1.9.1.jar;E:\repository\org\springframework\security\spring-security-web\4.1.0.RELEASE\spring-security-web-4.1.0.RELEASE.jar;E:\repository\org\springframework\security\spring-security-core\4.1.0.RELEASE\spring-security-core-4.1.0.RELEASE.jar;E:\repository\org\springframework\security\spring-security-config\4.1.0.RELEASE\spring-security-config-4.1.0.RELEASE.jar;E:\repository\org\csource\fastdfs\fastdfs\1.2\fastdfs-1.2.jar;E:\repository\com\aliyun\aliyun-java-sdk-core\4.0.6\aliyun-java-sdk-core-4.0.6.jar;E:\repository\com\google\code\gson\gson\2.8.2\gson-2.8.2.jar;E:\repository\org\apache\httpcomponents\httpclient\4.5.3\httpclient-4.5.3.jar;E:\repository\org\apache\httpcomponents\httpcore\4.4.6\httpcore-4.4.6.jar;E:\repository\javax\xml\bind\jaxb-api\2.1\jaxb-api-2.1.jar;E:\repository\javax\xml\stream\stax-api\1.0-2\stax-api-1.0-2.jar;E:\repository\com\sun\xml\bind\jaxb-core\2.1.14\jaxb-core-2.1.14.jar;E:\repository\com\sun\xml\bind\jaxb-impl\2.1\jaxb-impl-2.1.jar;E:\repository\javax\activation\activation\1.1.1\activation-1.1.1.jar;E:\repository\com\aliyun\aliyun-java-sdk-dysmsapi\1.1.0\aliyun-java-sdk-dysmsapi-1.1.0.jar;E:\repository\org\springframework\data\spring-data-solr\1.5.5.RELEASE\spring-data-solr-1.5.5.RELEASE.jar;E:\repository\org\springframework\data\spring-data-commons\1.11.5.RELEASE\spring-data-commons-1.11.5.RELEASE.jar;E:\repository\org\apache\commons\commons-lang3\3.1\commons-lang3-3.1.jar;E:\repository\commons-collections\commons-collections\3.2.1\commons-collections-3.2.1.jar;E:\repository\org\apache\httpcomponents\httpmime\4.2.2\httpmime-4.2.2.jar;E:\repository\org\apache\httpcomponents\httpclient-cache\4.2.2\httpclient-cache-4.2.2.jar;E:\repository\org\apache\solr\solr-solrj\4.10.4\solr-solrj-4.10.4.jar;E:\repository\org\apache\zookeeper\zookeeper\3.4.6\zookeeper-3.4.6.jar;E:\repository\org\codehaus\woodstox\wstx-asl\3.2.7\wstx-asl-3.2.7.jar;E:\repository\org\noggit\noggit\0.5\noggit-0.5.jar;E:\repository\org\slf4j\jcl-over-slf4j\1.7.21\jcl-over-slf4j-1.7.21.jar;E:\repository\redis\clients\jedis\2.8.1\jedis-2.8.1.jar;E:\repository\org\apache\commons\commons-pool2\2.4.2\commons-pool2-2.4.2.jar;E:\repository\org\springframework\data\spring-data-redis\1.6.2.RELEASE\spring-data-redis-1.6.2.RELEASE.jar;E:\repository\org\springframework\spring-context-support\4.1.9.RELEASE\spring-context-support-4.1.9.RELEASE.jar;E:\repository\org\freemarker\freemarker\2.3.23\freemarker-2.3.23.jar;"/>
    <property name="java.vm.vendor" value="Oracle Corporation"/>
    <property name="sun.arch.data.model" value="64"/>
    <property name="user.variant" value=""/>
    <property name="java.vendor.url" value="http://java.oracle.com/"/>
    <property name="user.timezone" value="Asia/Shanghai"/>
    <property name="java.vm.specification.version" value="1.8"/>
    <property name="os.name" value="Windows 10"/>
    <property name="user.country" value="CN"/>
    <property name="sun.java.launcher" value="SUN_STANDARD"/>
    <property name="sun.boot.library.path" value="D:\JAVA\JDK\jre\bin"/>
    <property name="sun.java.command" value="C:\Users\wenlo\AppData\Local\Temp\surefire2463968703953539512\surefirebooter1638841854098163119.jar C:\Users\wenlo\AppData\Local\Temp\surefire2463968703953539512 2019-07-02T10-23-28_657-jvmRun1 surefire557552128534594744tmp surefire_07364448212750432820tmp"/>
    <property name="surefire.test.class.path" value="E:\Mall\SSM_Mall\target\test-classes;E:\Mall\SSM_Mall\target\classes;E:\repository\junit\junit\4.9\junit-4.9.jar;E:\repository\org\hamcrest\hamcrest-core\1.1\hamcrest-core-1.1.jar;E:\repository\org\mybatis\mybatis\3.1.1\mybatis-3.1.1.jar;E:\repository\org\mybatis\mybatis-spring\1.2.3\mybatis-spring-1.2.3.jar;E:\repository\mysql\mysql-connector-java\5.1.6\mysql-connector-java-5.1.6.jar;E:\repository\com\alibaba\druid\1.0.18\druid-1.0.18.jar;D:\JAVA\JDK\jre\..\lib\jconsole.jar;D:\JAVA\JDK\jre\..\lib\tools.jar;E:\repository\com\fasterxml\jackson\core\jackson-core\2.7.3\jackson-core-2.7.3.jar;E:\repository\com\fasterxml\jackson\core\jackson-databind\2.7.3\jackson-databind-2.7.3.jar;E:\repository\com\fasterxml\jackson\core\jackson-annotations\2.7.3\jackson-annotations-2.7.3.jar;E:\repository\org\springframework\spring-context\4.1.3.RELEASE\spring-context-4.1.3.RELEASE.jar;E:\repository\org\springframework\spring-aop\4.1.3.RELEASE\spring-aop-4.1.3.RELEASE.jar;E:\repository\org\springframework\spring-core\4.1.3.RELEASE\spring-core-4.1.3.RELEASE.jar;E:\repository\org\springframework\spring-expression\4.1.3.RELEASE\spring-expression-4.1.3.RELEASE.jar;E:\repository\org\springframework\spring-test\4.2.4.RELEASE\spring-test-4.2.4.RELEASE.jar;E:\repository\org\springframework\spring-beans\4.1.3.RELEASE\spring-beans-4.1.3.RELEASE.jar;E:\repository\org\springframework\spring-webmvc\4.1.3.RELEASE\spring-webmvc-4.1.3.RELEASE.jar;E:\repository\org\springframework\spring-web\4.1.3.RELEASE\spring-web-4.1.3.RELEASE.jar;E:\repository\org\springframework\spring-jdbc\4.1.3.RELEASE\spring-jdbc-4.1.3.RELEASE.jar;E:\repository\org\springframework\spring-tx\4.1.3.RELEASE\spring-tx-4.1.3.RELEASE.jar;E:\repository\org\springframework\spring-aspects\4.1.3.RELEASE\spring-aspects-4.1.3.RELEASE.jar;E:\repository\org\aspectj\aspectjweaver\1.8.4\aspectjweaver-1.8.4.jar;E:\repository\jstl\jstl\1.2\jstl-1.2.jar;E:\repository\javax\servlet\javax.servlet-api\3.1.0\javax.servlet-api-3.1.0.jar;E:\repository\com\github\pagehelper\pagehelper\5.1.2-beta\pagehelper-5.1.2-beta.jar;E:\repository\com\github\jsqlparser\jsqlparser\1.0\jsqlparser-1.0.jar;E:\repository\org\slf4j\slf4j-log4j12\1.8.0-alpha2\slf4j-log4j12-1.8.0-alpha2.jar;E:\repository\org\slf4j\slf4j-api\1.8.0-alpha2\slf4j-api-1.8.0-alpha2.jar;E:\repository\log4j\log4j\1.2.16\log4j-1.2.16.jar;E:\repository\commons-logging\commons-logging\1.2\commons-logging-1.2.jar;E:\repository\commons-fileupload\commons-fileupload\1.3.1\commons-fileupload-1.3.1.jar;E:\repository\commons-io\commons-io\1.3.2\commons-io-1.3.2.jar;E:\repository\commons-lang\commons-lang\2.6\commons-lang-2.6.jar;E:\repository\aopalliance\aopalliance\1.0\aopalliance-1.0.jar;E:\repository\org\mybatis\generator\mybatis-generator-core\1.3.5\mybatis-generator-core-1.3.5.jar;E:\repository\commons-codec\commons-codec\1.9\commons-codec-1.9.jar;E:\repository\org\json\json\20171018\json-20171018.jar;E:\repository\com\alipay\sdk\alipay-sdk-java\3.1.0\alipay-sdk-java-3.1.0.jar;E:\repository\com\thetransactioncompany\cors-filter\2.5\cors-filter-2.5.jar;E:\repository\com\thetransactioncompany\java-property-utils\1.9.1\java-property-utils-1.9.1.jar;E:\repository\org\springframework\security\spring-security-web\4.1.0.RELEASE\spring-security-web-4.1.0.RELEASE.jar;E:\repository\org\springframework\security\spring-security-core\4.1.0.RELEASE\spring-security-core-4.1.0.RELEASE.jar;E:\repository\org\springframework\security\spring-security-config\4.1.0.RELEASE\spring-security-config-4.1.0.RELEASE.jar;E:\repository\org\csource\fastdfs\fastdfs\1.2\fastdfs-1.2.jar;E:\repository\com\aliyun\aliyun-java-sdk-core\4.0.6\aliyun-java-sdk-core-4.0.6.jar;E:\repository\com\google\code\gson\gson\2.8.2\gson-2.8.2.jar;E:\repository\org\apache\httpcomponents\httpclient\4.5.3\httpclient-4.5.3.jar;E:\repository\org\apache\httpcomponents\httpcore\4.4.6\httpcore-4.4.6.jar;E:\repository\javax\xml\bind\jaxb-api\2.1\jaxb-api-2.1.jar;E:\repository\javax\xml\stream\stax-api\1.0-2\stax-api-1.0-2.jar;E:\repository\com\sun\xml\bind\jaxb-core\2.1.14\jaxb-core-2.1.14.jar;E:\repository\com\sun\xml\bind\jaxb-impl\2.1\jaxb-impl-2.1.jar;E:\repository\javax\activation\activation\1.1.1\activation-1.1.1.jar;E:\repository\com\aliyun\aliyun-java-sdk-dysmsapi\1.1.0\aliyun-java-sdk-dysmsapi-1.1.0.jar;E:\repository\org\springframework\data\spring-data-solr\1.5.5.RELEASE\spring-data-solr-1.5.5.RELEASE.jar;E:\repository\org\springframework\data\spring-data-commons\1.11.5.RELEASE\spring-data-commons-1.11.5.RELEASE.jar;E:\repository\org\apache\commons\commons-lang3\3.1\commons-lang3-3.1.jar;E:\repository\commons-collections\commons-collections\3.2.1\commons-collections-3.2.1.jar;E:\repository\org\apache\httpcomponents\httpmime\4.2.2\httpmime-4.2.2.jar;E:\repository\org\apache\httpcomponents\httpclient-cache\4.2.2\httpclient-cache-4.2.2.jar;E:\repository\org\apache\solr\solr-solrj\4.10.4\solr-solrj-4.10.4.jar;E:\repository\org\apache\zookeeper\zookeeper\3.4.6\zookeeper-3.4.6.jar;E:\repository\org\codehaus\woodstox\wstx-asl\3.2.7\wstx-asl-3.2.7.jar;E:\repository\org\noggit\noggit\0.5\noggit-0.5.jar;E:\repository\org\slf4j\jcl-over-slf4j\1.7.21\jcl-over-slf4j-1.7.21.jar;E:\repository\redis\clients\jedis\2.8.1\jedis-2.8.1.jar;E:\repository\org\apache\commons\commons-pool2\2.4.2\commons-pool2-2.4.2.jar;E:\repository\org\springframework\data\spring-data-redis\1.6.2.RELEASE\spring-data-redis-1.6.2.RELEASE.jar;E:\repository\org\springframework\spring-context-support\4.1.9.RELEASE\spring-context-support-4.1.9.RELEASE.jar;E:\repository\org\freemarker\freemarker\2.3.23\freemarker-2.3.23.jar;"/>
    <property name="sun.cpu.endian" value="little"/>
    <property name="user.home" value="C:\Users\wenlo"/>
    <property name="user.language" value="zh"/>
    <property name="java.specification.vendor" value="Oracle Corporation"/>
    <property name="java.home" value="D:\JAVA\JDK\jre"/>
    <property name="basedir" value="E:\Mall\SSM_Mall"/>
    <property name="file.separator" value="\"/>
    <property name="line.separator" value="&#10;"/>
    <property name="java.vm.specification.vendor" value="Oracle Corporation"/>
    <property name="java.specification.name" value="Java Platform API Specification"/>
    <property name="java.awt.graphicsenv" value="sun.awt.Win32GraphicsEnvironment"/>
    <property name="surefire.real.class.path" value="C:\Users\wenlo\AppData\Local\Temp\surefire2463968703953539512\surefirebooter1638841854098163119.jar"/>
    <property name="sun.boot.class.path" value="D:\JAVA\JDK\jre\lib\resources.jar;D:\JAVA\JDK\jre\lib\rt.jar;D:\JAVA\JDK\jre\lib\sunrsasign.jar;D:\JAVA\JDK\jre\lib\jsse.jar;D:\JAVA\JDK\jre\lib\jce.jar;D:\JAVA\JDK\jre\lib\charsets.jar;D:\JAVA\JDK\jre\lib\jfr.jar;D:\JAVA\JDK\jre\classes"/>
    <property name="user.script" value=""/>
    <property name="sun.management.compiler" value="HotSpot 64-Bit Tiered Compilers"/>
    <property name="java.runtime.version" value="1.8.0_202-b08"/>
    <property name="user.name" value="wenlo"/>
    <property name="path.separator" value=";"/>
    <property name="os.version" value="10.0"/>
    <property name="java.endorsed.dirs" value="D:\JAVA\JDK\jre\lib\endorsed"/>
    <property name="java.runtime.name" value="Java(TM) SE Runtime Environment"/>
    <property name="file.encoding" value="GBK"/>
    <property name="java.vm.name" value="Java HotSpot(TM) 64-Bit Server VM"/>
    <property name="localRepository" value="E:\repository"/>
    <property name="java.vendor.url.bug" value="http://bugreport.sun.com/bugreport/"/>
    <property name="java.io.tmpdir" value="C:\Users\wenlo\AppData\Local\Temp\"/>
    <property name="java.version" value="1.8.0_202"/>
    <property name="user.dir" value="E:\Mall\SSM_Mall"/>
    <property name="os.arch" value="amd64"/>
    <property name="java.vm.specification.name" value="Java Virtual Machine Specification"/>
    <property name="java.awt.printerjob" value="sun.awt.windows.WPrinterJob"/>
    <property name="idea.version2019.1.2" value="true"/>
    <property name="sun.os.patch.level" value=""/>
    <property name="java.library.path" value="D:\JAVA\JDK\jre\bin;C:\Windows\Sun\Java\bin;C:\Windows\system32;C:\Windows;D:\app\wenlo\product\11.2.0\dbhome_1\bin;C:\Program Files (x86)\Common Files\Intel\Shared Libraries\redist\intel64\compiler;D:\Xftp\Xftp\;D:\Xshell\Xshell\;C:\Program Files (x86)\Common Files\Oracle\Java\javapath;C:\Windows\system32;C:\Windows;C:\Windows\System32\Wbem;C:\Windows\System32\WindowsPowerShell\v1.0\;C:\Windows\System32\OpenSSH\;D:\JAVA\JDK\bin;D:\JAVA\JDK\jre\bin;D:\MySQL\MySQL\bin;D:\Git\Git\cmd;D:\Maven\apache-maven-3.6.0\bin;D:\Node\Node\;D:\MongoDB\MongoDB\bin;D:\Program Files (x86)\Microsoft SQL Server\100\Tools\Binn\;D:\Program Files\Microsoft SQL Server\100\Tools\Binn\;D:\Program Files\Microsoft SQL Server\100\DTS\Binn\;D:\Program Files (x86)\Microsoft SQL Server\100\Tools\Binn\VSShell\Common7\IDE\;C:\Program Files (x86)\Microsoft Visual Studio 9.0\Common7\IDE\PrivateAssemblies\;D:\Program Files (x86)\Microsoft SQL Server\100\DTS\Binn\;D:\Cmder\cmder;D:\Python\Python\Scripts\;D:\Python\Python\;C:\Users\wenlo\AppData\Local\Microsoft\WindowsApps;D:\Bandizip\Bandizip\;D:\IntelliJ IDEA\IntelliJ IDEA Community Edition 2018.3.5\bin;;D:\IntelliJ IDEA\IntelliJ IDEA 2018.3.5\bin;;D:\PyCharm\PyCharm 2018.3.5\bin;;D:\WebStorm\WebStorm 2018.3.5\bin;;D:\PhpStorm\PhpStorm 2018.3.5\bin;;C:\Users\wenlo\AppData\Roaming\npm;."/>
    <property name="java.vm.info" value="mixed mode"/>
    <property name="java.vendor" value="Oracle Corporation"/>
    <property name="java.vm.version" value="25.202-b08"/>
    <property name="java.ext.dirs" value="D:\JAVA\JDK\jre\lib\ext;C:\Windows\Sun\Java\lib\ext"/>
    <property name="sun.io.unicode.encoding" value="UnicodeLittle"/>
    <property name="maven.repo.local" value="E:\repository"/>
    <property name="java.class.version" value="52.0"/>
  </properties>
  <testcase name="findAll" classname="com.ssm.mall.service.impl.BrandServiceImplTest" time="0.002"/>
</testsuite>